<?xml version="1.0" encoding="UTF-8"?>
<coverage generated="1618154845042" clover="3.2.0">
  <project timestamp="1618154845042" name="All files">
    <metrics statements="48" coveredstatements="26" conditionals="12" coveredconditionals="1" methods="13" coveredmethods="3" elements="73" coveredelements="30" complexity="0" loc="48" ncloc="48" packages="4" files="7" classes="7"/>
    <package name="screens">
      <metrics statements="13" coveredstatements="9" conditionals="2" coveredconditionals="1" methods="6" coveredmethods="2"/>
      <file name="Login.tsx" path="C:\Users\dell\Documents\personal\SimpleToDo\src\screens\Login.tsx">
        <metrics statements="13" coveredstatements="9" conditionals="2" coveredconditionals="1" methods="6" coveredmethods="2"/>
        <line num="12" count="1" type="stmt"/>
        <line num="13" count="2" type="stmt"/>
        <line num="14" count="2" type="stmt"/>
        <line num="15" count="2" type="stmt"/>
        <line num="16" count="2" type="stmt"/>
        <line num="17" count="0" type="stmt"/>
        <line num="27" count="2" type="stmt"/>
        <line num="28" count="2" type="stmt"/>
        <line num="31" count="2" type="stmt"/>
        <line num="39" count="0" type="stmt"/>
        <line num="49" count="0" type="stmt"/>
        <line num="57" count="0" type="stmt"/>
        <line num="66" count="1" type="stmt"/>
      </file>
    </package>
    <package name="store.actions">
      <metrics statements="14" coveredstatements="11" conditionals="0" coveredconditionals="0" methods="4" coveredmethods="1"/>
      <file name="actionCreator.ts" path="C:\Users\dell\Documents\personal\SimpleToDo\src\store\actions\actionCreator.ts">
        <metrics statements="12" coveredstatements="9" conditionals="0" coveredconditionals="0" methods="4" coveredmethods="1"/>
        <line num="3" count="1" type="stmt"/>
        <line num="4" count="1" type="stmt"/>
        <line num="5" count="1" type="stmt"/>
        <line num="7" count="1" type="stmt"/>
        <line num="8" count="2" type="stmt"/>
        <line num="14" count="2" type="stmt"/>
        <line num="15" count="0" type="stmt"/>
        <line num="20" count="2" type="stmt"/>
        <line num="21" count="0" type="stmt"/>
        <line num="27" count="2" type="stmt"/>
        <line num="28" count="0" type="stmt"/>
        <line num="34" count="2" type="stmt"/>
      </file>
      <file name="authActions.ts" path="C:\Users\dell\Documents\personal\SimpleToDo\src\store\actions\authActions.ts">
        <metrics statements="1" coveredstatements="1" conditionals="0" coveredconditionals="0" methods="0" coveredmethods="0"/>
        <line num="3" count="1" type="stmt"/>
      </file>
      <file name="todoActions.ts" path="C:\Users\dell\Documents\personal\SimpleToDo\src\store\actions\todoActions.ts">
        <metrics statements="1" coveredstatements="1" conditionals="0" coveredconditionals="0" methods="0" coveredmethods="0"/>
        <line num="3" count="1" type="stmt"/>
      </file>
    </package>
    <package name="store.context">
      <metrics statements="6" coveredstatements="2" conditionals="0" coveredconditionals="0" methods="1" coveredmethods="0"/>
      <file name="contextGenerator.tsx" path="C:\Users\dell\Documents\personal\SimpleToDo\src\store\context\contextGenerator.tsx">
        <metrics statements="6" coveredstatements="2" conditionals="0" coveredconditionals="0" methods="1" coveredmethods="0"/>
        <line num="10" count="1" type="stmt"/>
        <line num="12" count="1" type="stmt"/>
        <line num="13" count="0" type="stmt"/>
        <line num="17" count="0" type="stmt"/>
        <line num="21" count="0" type="stmt"/>
        <line num="27" count="0" type="stmt"/>
      </file>
    </package>
    <package name="store.reducers">
      <metrics statements="15" coveredstatements="4" conditionals="10" coveredconditionals="0" methods="2" coveredmethods="0"/>
      <file name="authReducer.ts" path="C:\Users\dell\Documents\personal\SimpleToDo\src\store\reducers\authReducer.ts">
        <metrics statements="7" coveredstatements="2" conditionals="5" coveredconditionals="0" methods="1" coveredmethods="0"/>
        <line num="4" count="1" type="stmt"/>
        <line num="14" count="1" type="cond" truecount="0" falsecount="1"/>
        <line num="15" count="0" type="cond" truecount="0" falsecount="4"/>
        <line num="17" count="0" type="stmt"/>
        <line num="23" count="0" type="stmt"/>
        <line num="31" count="0" type="stmt"/>
        <line num="39" count="0" type="stmt"/>
      </file>
      <file name="todoReducer.ts" path="C:\Users\dell\Documents\personal\SimpleToDo\src\store\reducers\todoReducer.ts">
        <metrics statements="8" coveredstatements="2" conditionals="5" coveredconditionals="0" methods="1" coveredmethods="0"/>
        <line num="4" count="1" type="stmt"/>
        <line num="9" count="1" type="cond" truecount="0" falsecount="1"/>
        <line num="10" count="0" type="cond" truecount="0" falsecount="4"/>
        <line num="12" count="0" type="stmt"/>
        <line num="19" count="0" type="stmt"/>
        <line num="20" count="0" type="stmt"/>
        <line num="27" count="0" type="stmt"/>
        <line num="34" count="0" type="stmt"/>
      </file>
    </package>
  </project>
</coverage>
