{"C:\\Users\\dell\\Documents\\personal\\SimpleToDo\\src\\screens\\Login.tsx": {"path":"C:\\Users\\dell\\Documents\\personal\\SimpleToDo\\src\\screens\\Login.tsx","statementMap":{"0":{"start":{"line":12,"column":14},"end":{"line":62,"column":1}},"1":{"start":{"line":13,"column":34},"end":{"line":13,"column":46}},"2":{"start":{"line":14,"column":34},"end":{"line":14,"column":46}},"3":{"start":{"line":15,"column":36},"end":{"line":15,"column":60}},"4":{"start":{"line":16,"column":16},"end":{"line":25,"column":3}},"5":{"start":{"line":17,"column":4},"end":{"line":24,"column":6}},"6":{"start":{"line":27,"column":2},"end":{"line":29,"column":18}},"7":{"start":{"line":28,"column":4},"end":{"line":28,"column":40}},"8":{"start":{"line":31,"column":2},"end":{"line":61,"column":4}},"9":{"start":{"line":39,"column":32},"end":{"line":39,"column":49}},"10":{"start":{"line":49,"column":12},"end":{"line":49,"column":30}},"11":{"start":{"line":57,"column":23},"end":{"line":57,"column":30}},"12":{"start":{"line":66,"column":15},"end":{"line":102,"column":2}}},"fnMap":{"0":{"name":"(anonymous_0)","decl":{"start":{"line":12,"column":14},"end":{"line":12,"column":15}},"loc":{"start":{"line":12,"column":37},"end":{"line":62,"column":1}},"line":12},"1":{"name":"(anonymous_1)","decl":{"start":{"line":16,"column":16},"end":{"line":16,"column":17}},"loc":{"start":{"line":16,"column":22},"end":{"line":25,"column":3}},"line":16},"2":{"name":"(anonymous_2)","decl":{"start":{"line":27,"column":12},"end":{"line":27,"column":13}},"loc":{"start":{"line":27,"column":18},"end":{"line":29,"column":3}},"line":27},"3":{"name":"(anonymous_3)","decl":{"start":{"line":39,"column":24},"end":{"line":39,"column":25}},"loc":{"start":{"line":39,"column":32},"end":{"line":39,"column":49}},"line":39},"4":{"name":"(anonymous_4)","decl":{"start":{"line":48,"column":24},"end":{"line":48,"column":25}},"loc":{"start":{"line":48,"column":32},"end":{"line":50,"column":11}},"line":48},"5":{"name":"(anonymous_5)","decl":{"start":{"line":57,"column":17},"end":{"line":57,"column":18}},"loc":{"start":{"line":57,"column":23},"end":{"line":57,"column":30}},"line":57}},"branchMap":{"0":{"loc":{"start":{"line":55,"column":20},"end":{"line":55,"column":40}},"type":"binary-expr","locations":[{"start":{"line":55,"column":20},"end":{"line":55,"column":28}},{"start":{"line":55,"column":32},"end":{"line":55,"column":40}}],"line":55}},"s":{"0":1,"1":2,"2":2,"3":2,"4":2,"5":0,"6":2,"7":2,"8":2,"9":0,"10":0,"11":0,"12":1},"f":{"0":2,"1":0,"2":2,"3":0,"4":0,"5":0},"b":{"0":[2,0]},"_coverageSchema":"1a1c01bbd47fc00a2c39e90264f33305004495a9","hash":"fb51f119299890583d89b9526dacb2793b61b79a"}
,"C:\\Users\\dell\\Documents\\personal\\SimpleToDo\\src\\store\\actions\\actionCreator.ts": {"path":"C:\\Users\\dell\\Documents\\personal\\SimpleToDo\\src\\store\\actions\\actionCreator.ts","statementMap":{"0":{"start":{"line":3,"column":14},"end":{"line":3,"column":21}},"1":{"start":{"line":4,"column":16},"end":{"line":4,"column":25}},"2":{"start":{"line":5,"column":14},"end":{"line":5,"column":21}},"3":{"start":{"line":7,"column":21},"end":{"line":40,"column":1}},"4":{"start":{"line":8,"column":22},"end":{"line":12,"column":3}},"5":{"start":{"line":14,"column":22},"end":{"line":19,"column":3}},"6":{"start":{"line":15,"column":4},"end":{"line":18,"column":6}},"7":{"start":{"line":20,"column":24},"end":{"line":25,"column":3}},"8":{"start":{"line":21,"column":4},"end":{"line":24,"column":6}},"9":{"start":{"line":27,"column":22},"end":{"line":32,"column":3}},"10":{"start":{"line":28,"column":4},"end":{"line":31,"column":6}},"11":{"start":{"line":34,"column":2},"end":{"line":39,"column":4}}},"fnMap":{"0":{"name":"(anonymous_0)","decl":{"start":{"line":7,"column":21},"end":{"line":7,"column":22}},"loc":{"start":{"line":7,"column":45},"end":{"line":40,"column":1}},"line":7},"1":{"name":"(anonymous_1)","decl":{"start":{"line":14,"column":22},"end":{"line":14,"column":23}},"loc":{"start":{"line":14,"column":48},"end":{"line":19,"column":3}},"line":14},"2":{"name":"(anonymous_2)","decl":{"start":{"line":20,"column":24},"end":{"line":20,"column":25}},"loc":{"start":{"line":20,"column":50},"end":{"line":25,"column":3}},"line":20},"3":{"name":"(anonymous_3)","decl":{"start":{"line":27,"column":22},"end":{"line":27,"column":23}},"loc":{"start":{"line":27,"column":48},"end":{"line":32,"column":3}},"line":27}},"branchMap":{},"s":{"0":1,"1":1,"2":1,"3":1,"4":2,"5":2,"6":0,"7":2,"8":0,"9":2,"10":0,"11":2},"f":{"0":2,"1":0,"2":0,"3":0},"b":{},"_coverageSchema":"1a1c01bbd47fc00a2c39e90264f33305004495a9","hash":"f3aa3c19c12b0d4dc4477a151624cd8d082ea478"}
,"C:\\Users\\dell\\Documents\\personal\\SimpleToDo\\src\\store\\actions\\authActions.ts": {"path":"C:\\Users\\dell\\Documents\\personal\\SimpleToDo\\src\\store\\actions\\authActions.ts","statementMap":{"0":{"start":{"line":3,"column":20},"end":{"line":3,"column":41}}},"fnMap":{},"branchMap":{},"s":{"0":1},"f":{},"b":{},"_coverageSchema":"1a1c01bbd47fc00a2c39e90264f33305004495a9","hash":"823f66b68d07c3ad4c26e1b79d66a43f837cdc43"}
,"C:\\Users\\dell\\Documents\\personal\\SimpleToDo\\src\\store\\actions\\todoActions.ts": {"path":"C:\\Users\\dell\\Documents\\personal\\SimpleToDo\\src\\store\\actions\\todoActions.ts","statementMap":{"0":{"start":{"line":3,"column":19},"end":{"line":3,"column":45}}},"fnMap":{},"branchMap":{},"s":{"0":1},"f":{},"b":{},"_coverageSchema":"1a1c01bbd47fc00a2c39e90264f33305004495a9","hash":"988e7ddb42a478b283c4f9b5718ed1992f738a58"}
,"C:\\Users\\dell\\Documents\\personal\\SimpleToDo\\src\\store\\context\\contextGenerator.tsx": {"path":"C:\\Users\\dell\\Documents\\personal\\SimpleToDo\\src\\store\\context\\contextGenerator.tsx","statementMap":{"0":{"start":{"line":10,"column":14},"end":{"line":10,"column":37}},"1":{"start":{"line":12,"column":17},"end":{"line":28,"column":1}},"2":{"start":{"line":13,"column":36},"end":{"line":16,"column":3}},"3":{"start":{"line":17,"column":36},"end":{"line":20,"column":3}},"4":{"start":{"line":21,"column":25},"end":{"line":26,"column":3}},"5":{"start":{"line":27,"column":2},"end":{"line":27,"column":80}}},"fnMap":{"0":{"name":"(anonymous_0)","decl":{"start":{"line":12,"column":17},"end":{"line":12,"column":18}},"loc":{"start":{"line":12,"column":43},"end":{"line":28,"column":1}},"line":12}},"branchMap":{},"s":{"0":1,"1":1,"2":0,"3":0,"4":0,"5":0},"f":{"0":0},"b":{},"_coverageSchema":"1a1c01bbd47fc00a2c39e90264f33305004495a9","hash":"bbe720d5614a7f6de5735749aff3722f067176a0"}
,"C:\\Users\\dell\\Documents\\personal\\SimpleToDo\\src\\store\\reducers\\authReducer.ts": {"path":"C:\\Users\\dell\\Documents\\personal\\SimpleToDo\\src\\store\\reducers\\authReducer.ts","statementMap":{"0":{"start":{"line":4,"column":26},"end":{"line":13,"column":1}},"1":{"start":{"line":14,"column":20},"end":{"line":41,"column":1}},"2":{"start":{"line":15,"column":2},"end":{"line":40,"column":3}},"3":{"start":{"line":17,"column":6},"end":{"line":21,"column":8}},"4":{"start":{"line":23,"column":6},"end":{"line":29,"column":8}},"5":{"start":{"line":31,"column":6},"end":{"line":37,"column":8}},"6":{"start":{"line":39,"column":6},"end":{"line":39,"column":19}}},"fnMap":{"0":{"name":"(anonymous_0)","decl":{"start":{"line":14,"column":20},"end":{"line":14,"column":21}},"loc":{"start":{"line":14,"column":60},"end":{"line":41,"column":1}},"line":14}},"branchMap":{"0":{"loc":{"start":{"line":14,"column":21},"end":{"line":14,"column":39}},"type":"default-arg","locations":[{"start":{"line":14,"column":29},"end":{"line":14,"column":39}}],"line":14},"1":{"loc":{"start":{"line":15,"column":2},"end":{"line":40,"column":3}},"type":"switch","locations":[{"start":{"line":16,"column":4},"end":{"line":21,"column":8}},{"start":{"line":22,"column":4},"end":{"line":29,"column":8}},{"start":{"line":30,"column":4},"end":{"line":37,"column":8}},{"start":{"line":38,"column":4},"end":{"line":39,"column":19}}],"line":15}},"s":{"0":1,"1":1,"2":0,"3":0,"4":0,"5":0,"6":0},"f":{"0":0},"b":{"0":[0],"1":[0,0,0,0]},"_coverageSchema":"1a1c01bbd47fc00a2c39e90264f33305004495a9","hash":"1e9c9e8954d547a0f9602df9ae64d2d77bc9b365"}
,"C:\\Users\\dell\\Documents\\personal\\SimpleToDo\\src\\store\\reducers\\todoReducer.ts": {"path":"C:\\Users\\dell\\Documents\\personal\\SimpleToDo\\src\\store\\reducers\\todoReducer.ts","statementMap":{"0":{"start":{"line":4,"column":26},"end":{"line":8,"column":1}},"1":{"start":{"line":9,"column":20},"end":{"line":36,"column":1}},"2":{"start":{"line":10,"column":2},"end":{"line":35,"column":3}},"3":{"start":{"line":12,"column":6},"end":{"line":17,"column":8}},"4":{"start":{"line":19,"column":6},"end":{"line":19,"column":48}},"5":{"start":{"line":20,"column":6},"end":{"line":25,"column":8}},"6":{"start":{"line":27,"column":6},"end":{"line":32,"column":8}},"7":{"start":{"line":34,"column":6},"end":{"line":34,"column":19}}},"fnMap":{"0":{"name":"(anonymous_0)","decl":{"start":{"line":9,"column":20},"end":{"line":9,"column":21}},"loc":{"start":{"line":9,"column":60},"end":{"line":36,"column":1}},"line":9}},"branchMap":{"0":{"loc":{"start":{"line":9,"column":21},"end":{"line":9,"column":39}},"type":"default-arg","locations":[{"start":{"line":9,"column":29},"end":{"line":9,"column":39}}],"line":9},"1":{"loc":{"start":{"line":10,"column":2},"end":{"line":35,"column":3}},"type":"switch","locations":[{"start":{"line":11,"column":4},"end":{"line":17,"column":8}},{"start":{"line":18,"column":4},"end":{"line":25,"column":8}},{"start":{"line":26,"column":4},"end":{"line":32,"column":8}},{"start":{"line":33,"column":4},"end":{"line":34,"column":19}}],"line":10}},"s":{"0":1,"1":1,"2":0,"3":0,"4":0,"5":0,"6":0,"7":0},"f":{"0":0},"b":{"0":[0],"1":[0,0,0,0]},"_coverageSchema":"1a1c01bbd47fc00a2c39e90264f33305004495a9","hash":"9aa6523acdda052c318db8fb8b1c8c0e7d7b154d"}
}
