TN:
SF:src\screens\Login.tsx
FN:12,(anonymous_0)
FN:16,(anonymous_1)
FN:27,(anonymous_2)
FN:39,(anonymous_3)
FN:48,(anonymous_4)
FN:57,(anonymous_5)
FNF:6
FNH:2
FNDA:2,(anonymous_0)
FNDA:0,(anonymous_1)
FNDA:2,(anonymous_2)
FNDA:0,(anonymous_3)
FNDA:0,(anonymous_4)
FNDA:0,(anonymous_5)
DA:12,1
DA:13,2
DA:14,2
DA:15,2
DA:16,2
DA:17,0
DA:27,2
DA:28,2
DA:31,2
DA:39,0
DA:49,0
DA:57,0
DA:66,1
LF:13
LH:9
BRDA:55,0,0,2
BRDA:55,0,1,0
BRF:2
BRH:1
end_of_record
TN:
SF:src\store\actions\actionCreator.ts
FN:7,(anonymous_0)
FN:14,(anonymous_1)
FN:20,(anonymous_2)
FN:27,(anonymous_3)
FNF:4
FNH:1
FNDA:2,(anonymous_0)
FNDA:0,(anonymous_1)
FNDA:0,(anonymous_2)
FNDA:0,(anonymous_3)
DA:3,1
DA:4,1
DA:5,1
DA:7,1
DA:8,2
DA:14,2
DA:15,0
DA:20,2
DA:21,0
DA:27,2
DA:28,0
DA:34,2
LF:12
LH:9
BRF:0
BRH:0
end_of_record
TN:
SF:src\store\actions\authActions.ts
FNF:0
FNH:0
DA:3,1
LF:1
LH:1
BRF:0
BRH:0
end_of_record
TN:
SF:src\store\actions\todoActions.ts
FNF:0
FNH:0
DA:3,1
LF:1
LH:1
BRF:0
BRH:0
end_of_record
TN:
SF:src\store\context\contextGenerator.tsx
FN:12,(anonymous_0)
FNF:1
FNH:0
FNDA:0,(anonymous_0)
DA:10,1
DA:12,1
DA:13,0
DA:17,0
DA:21,0
DA:27,0
LF:6
LH:2
BRF:0
BRH:0
end_of_record
TN:
SF:src\store\reducers\authReducer.ts
FN:14,(anonymous_0)
FNF:1
FNH:0
FNDA:0,(anonymous_0)
DA:4,1
DA:14,1
DA:15,0
DA:17,0
DA:23,0
DA:31,0
DA:39,0
LF:7
LH:2
BRDA:14,0,0,0
BRDA:15,1,0,0
BRDA:15,1,1,0
BRDA:15,1,2,0
BRDA:15,1,3,0
BRF:5
BRH:0
end_of_record
TN:
SF:src\store\reducers\todoReducer.ts
FN:9,(anonymous_0)
FNF:1
FNH:0
FNDA:0,(anonymous_0)
DA:4,1
DA:9,1
DA:10,0
DA:12,0
DA:19,0
DA:20,0
DA:27,0
DA:34,0
LF:8
LH:2
BRDA:9,0,0,0
BRDA:10,1,0,0
BRDA:10,1,1,0
BRDA:10,1,2,0
BRDA:10,1,3,0
BRF:5
BRH:0
end_of_record
